build/app/intermediates/manifest_merge_blame_file/debug/manifest-merger-blame-debug-report.txt
1<?xml version="1.0" encoding="utf-8"?>
2<manifest xmlns:android="http://schemas.android.com/apk/res/android"
3    package="com.example.chattify"
4    android:versionCode="1"
5    android:versionName="1.0.0" >
6
7    <uses-sdk
8        android:minSdkVersion="16"
9        android:targetSdkVersion="33" />
10    <!--
11         The INTERNET permission is required for development. Specifically,
12         the Flutter tool needs it to communicate with the running application
13         to allow setting breakpoints, to provide hot reload, etc.
14    -->
15    <uses-permission android:name="android.permission.INTERNET" />
15-->src\debug\AndroidManifest.xml:6:5-66
15-->src\debug\AndroidManifest.xml:6:22-64
16    <uses-permission android:name="android.permission.ACCESS_NETWORK_STATE" />
16-->[com.google.firebase:firebase-auth:21.3.0] AndroidManifest.xml:26:5-79
16-->[com.google.firebase:firebase-auth:21.3.0] AndroidManifest.xml:26:22-76
17
18    <permission
18-->[androidx.core:core:1.9.0-alpha05] AndroidManifest.xml:23:5-25:47
19        android:name="com.example.chattify.DYNAMIC_RECEIVER_NOT_EXPORTED_PERMISSION"
19-->[androidx.core:core:1.9.0-alpha05] AndroidManifest.xml:24:9-81
20        android:protectionLevel="signature" />
20-->[androidx.core:core:1.9.0-alpha05] AndroidManifest.xml:25:9-44
21
22    <uses-permission android:name="com.example.chattify.DYNAMIC_RECEIVER_NOT_EXPORTED_PERMISSION" />
22-->[androidx.core:core:1.9.0-alpha05] AndroidManifest.xml:27:5-97
22-->[androidx.core:core:1.9.0-alpha05] AndroidManifest.xml:27:22-94
23
24    <application
25        android:name="android.app.Application"
26        android:appComponentFactory="androidx.core.app.CoreComponentFactory"
26-->[androidx.core:core:1.9.0-alpha05] AndroidManifest.xml:29:18-86
27        android:debuggable="true"
28        android:icon="@mipmap/ic_launcher"
29        android:label="chattify" >
30        <activity
31            android:name="com.example.chattify.MainActivity"
32            android:configChanges="orientation|keyboardHidden|keyboard|screenSize|smallestScreenSize|locale|layoutDirection|fontScale|screenLayout|density|uiMode"
33            android:exported="true"
34            android:hardwareAccelerated="true"
35            android:launchMode="singleTop"
36            android:theme="@style/LaunchTheme"
37            android:windowSoftInputMode="adjustResize" >
38
39            <!--
40                 Specifies an Android theme to apply to this Activity as soon as
41                 the Android process has started. This theme is visible to the user
42                 while the Flutter UI initializes. After that, this theme continues
43                 to determine the Window background behind the Flutter UI.
44            -->
45            <meta-data
46                android:name="io.flutter.embedding.android.NormalTheme"
47                android:resource="@style/NormalTheme" />
48
49            <intent-filter>
50                <action android:name="android.intent.action.MAIN" />
51
52                <category android:name="android.intent.category.LAUNCHER" />
53            </intent-filter>
54        </activity>
55        <!--
56             Don't delete the meta-data below.
57             This is used by the Flutter tool to generate GeneratedPluginRegistrant.java
58        -->
59        <meta-data
60            android:name="flutterEmbedding"
61            android:value="2" />
62
63        <service
63-->[:firebase_auth] AndroidManifest.xml:10:9-14:19
64            android:name="com.google.firebase.components.ComponentDiscoveryService"
64-->[:firebase_auth] AndroidManifest.xml:10:18-89
65            android:directBootAware="true"
65-->[com.google.firebase:firebase-common:20.3.2] AndroidManifest.xml:34:13-43
66            android:exported="false" >
66-->[com.google.firebase:firebase-auth:21.3.0] AndroidManifest.xml:68:13-37
67            <meta-data
67-->[:firebase_auth] AndroidManifest.xml:11:13-13:85
68                android:name="com.google.firebase.components:io.flutter.plugins.firebase.auth.FlutterFirebaseAuthRegistrar"
68-->[:firebase_auth] AndroidManifest.xml:12:17-124
69                android:value="com.google.firebase.components.ComponentRegistrar" />
69-->[:firebase_auth] AndroidManifest.xml:13:17-82
70            <meta-data
70-->[:firebase_core] AndroidManifest.xml:11:13-13:85
71                android:name="com.google.firebase.components:io.flutter.plugins.firebase.core.FlutterFirebaseCoreRegistrar"
71-->[:firebase_core] AndroidManifest.xml:12:17-124
72                android:value="com.google.firebase.components.ComponentRegistrar" />
72-->[:firebase_core] AndroidManifest.xml:13:17-82
73            <meta-data
73-->[com.google.firebase:firebase-auth:21.3.0] AndroidManifest.xml:69:13-71:85
74                android:name="com.google.firebase.components:com.google.firebase.auth.FirebaseAuthRegistrar"
74-->[com.google.firebase:firebase-auth:21.3.0] AndroidManifest.xml:70:17-109
75                android:value="com.google.firebase.components.ComponentRegistrar" />
75-->[com.google.firebase:firebase-auth:21.3.0] AndroidManifest.xml:71:17-82
76        </service>
77
78        <activity
78-->[com.google.firebase:firebase-auth:21.3.0] AndroidManifest.xml:29:9-46:20
79            android:name="com.google.firebase.auth.internal.GenericIdpActivity"
79-->[com.google.firebase:firebase-auth:21.3.0] AndroidManifest.xml:30:13-80
80            android:excludeFromRecents="true"
80-->[com.google.firebase:firebase-auth:21.3.0] AndroidManifest.xml:31:13-46
81            android:exported="true"
81-->[com.google.firebase:firebase-auth:21.3.0] AndroidManifest.xml:32:13-36
82            android:launchMode="singleTask"
82-->[com.google.firebase:firebase-auth:21.3.0] AndroidManifest.xml:33:13-44
83            android:theme="@android:style/Theme.Translucent.NoTitleBar" >
83-->[com.google.firebase:firebase-auth:21.3.0] AndroidManifest.xml:34:13-72
84            <intent-filter>
84-->[com.google.firebase:firebase-auth:21.3.0] AndroidManifest.xml:35:13-45:29
85                <action android:name="android.intent.action.VIEW" />
85-->[com.google.firebase:firebase-auth:21.3.0] AndroidManifest.xml:36:17-69
85-->[com.google.firebase:firebase-auth:21.3.0] AndroidManifest.xml:36:25-66
86
87                <category android:name="android.intent.category.DEFAULT" />
87-->[com.google.firebase:firebase-auth:21.3.0] AndroidManifest.xml:38:17-76
87-->[com.google.firebase:firebase-auth:21.3.0] AndroidManifest.xml:38:27-73
88                <category android:name="android.intent.category.BROWSABLE" />
88-->[com.google.firebase:firebase-auth:21.3.0] AndroidManifest.xml:39:17-78
88-->[com.google.firebase:firebase-auth:21.3.0] AndroidManifest.xml:39:27-75
89
90                <data
90-->[com.google.firebase:firebase-auth:21.3.0] AndroidManifest.xml:41:17-44:51
91                    android:host="firebase.auth"
91-->[com.google.firebase:firebase-auth:21.3.0] AndroidManifest.xml:42:21-49
92                    android:path="/"
92-->[com.google.firebase:firebase-auth:21.3.0] AndroidManifest.xml:43:21-37
93                    android:scheme="genericidp" />
93-->[com.google.firebase:firebase-auth:21.3.0] AndroidManifest.xml:44:21-48
94            </intent-filter>
95        </activity>
96        <activity
96-->[com.google.firebase:firebase-auth:21.3.0] AndroidManifest.xml:47:9-64:20
97            android:name="com.google.firebase.auth.internal.RecaptchaActivity"
97-->[com.google.firebase:firebase-auth:21.3.0] AndroidManifest.xml:48:13-79
98            android:excludeFromRecents="true"
98-->[com.google.firebase:firebase-auth:21.3.0] AndroidManifest.xml:49:13-46
99            android:exported="true"
99-->[com.google.firebase:firebase-auth:21.3.0] AndroidManifest.xml:50:13-36
100            android:launchMode="singleTask"
100-->[com.google.firebase:firebase-auth:21.3.0] AndroidManifest.xml:51:13-44
101            android:theme="@android:style/Theme.Translucent.NoTitleBar" >
101-->[com.google.firebase:firebase-auth:21.3.0] AndroidManifest.xml:52:13-72
102            <intent-filter>
102-->[com.google.firebase:firebase-auth:21.3.0] AndroidManifest.xml:53:13-63:29
103                <action android:name="android.intent.action.VIEW" />
103-->[com.google.firebase:firebase-auth:21.3.0] AndroidManifest.xml:36:17-69
103-->[com.google.firebase:firebase-auth:21.3.0] AndroidManifest.xml:36:25-66
104
105                <category android:name="android.intent.category.DEFAULT" />
105-->[com.google.firebase:firebase-auth:21.3.0] AndroidManifest.xml:38:17-76
105-->[com.google.firebase:firebase-auth:21.3.0] AndroidManifest.xml:38:27-73
106                <category android:name="android.intent.category.BROWSABLE" />
106-->[com.google.firebase:firebase-auth:21.3.0] AndroidManifest.xml:39:17-78
106-->[com.google.firebase:firebase-auth:21.3.0] AndroidManifest.xml:39:27-75
107
108                <data
108-->[com.google.firebase:firebase-auth:21.3.0] AndroidManifest.xml:41:17-44:51
109                    android:host="firebase.auth"
109-->[com.google.firebase:firebase-auth:21.3.0] AndroidManifest.xml:42:21-49
110                    android:path="/"
110-->[com.google.firebase:firebase-auth:21.3.0] AndroidManifest.xml:43:21-37
111                    android:scheme="recaptcha" />
111-->[com.google.firebase:firebase-auth:21.3.0] AndroidManifest.xml:44:21-48
112            </intent-filter>
113        </activity>
114
115        <provider
115-->[com.google.firebase:firebase-common:20.3.2] AndroidManifest.xml:25:9-30:39
116            android:name="com.google.firebase.provider.FirebaseInitProvider"
116-->[com.google.firebase:firebase-common:20.3.2] AndroidManifest.xml:26:13-77
117            android:authorities="com.example.chattify.firebaseinitprovider"
117-->[com.google.firebase:firebase-common:20.3.2] AndroidManifest.xml:27:13-72
118            android:directBootAware="true"
118-->[com.google.firebase:firebase-common:20.3.2] AndroidManifest.xml:28:13-43
119            android:exported="false"
119-->[com.google.firebase:firebase-common:20.3.2] AndroidManifest.xml:29:13-37
120            android:initOrder="100" />
120-->[com.google.firebase:firebase-common:20.3.2] AndroidManifest.xml:30:13-36
121
122        <activity
122-->[com.google.android.gms:play-services-base:17.1.0] AndroidManifest.xml:23:9-26:75
123            android:name="com.google.android.gms.common.api.GoogleApiActivity"
123-->[com.google.android.gms:play-services-base:17.1.0] AndroidManifest.xml:24:13-79
124            android:exported="false"
124-->[com.google.android.gms:play-services-base:17.1.0] AndroidManifest.xml:25:13-37
125            android:theme="@android:style/Theme.Translucent.NoTitleBar" />
125-->[com.google.android.gms:play-services-base:17.1.0] AndroidManifest.xml:26:13-72
126
127        <meta-data
127-->[com.google.android.gms:play-services-basement:18.1.0] AndroidManifest.xml:21:9-23:69
128            android:name="com.google.android.gms.version"
128-->[com.google.android.gms:play-services-basement:18.1.0] AndroidManifest.xml:22:13-58
129            android:value="@integer/google_play_services_version" />
129-->[com.google.android.gms:play-services-basement:18.1.0] AndroidManifest.xml:23:13-66
130
131        <uses-library
131-->[androidx.window:window:1.0.0-beta04] AndroidManifest.xml:25:9-27:40
132            android:name="androidx.window.extensions"
132-->[androidx.window:window:1.0.0-beta04] AndroidManifest.xml:26:13-54
133            android:required="false" />
133-->[androidx.window:window:1.0.0-beta04] AndroidManifest.xml:27:13-37
134        <uses-library
134-->[androidx.window:window:1.0.0-beta04] AndroidManifest.xml:28:9-30:40
135            android:name="androidx.window.sidecar"
135-->[androidx.window:window:1.0.0-beta04] AndroidManifest.xml:29:13-51
136            android:required="false" />
136-->[androidx.window:window:1.0.0-beta04] AndroidManifest.xml:30:13-37
137    </application>
138
139</manifest>